********************************************************************************
DUPLICATOR-LITE PACKAGE-LOG: 17 March, 2022 12:03 pm
NOTICE: Do NOT post to public sites or forums 
********************************************************************************
VERSION:	1.4.4
WORDPRESS:	5.9.2
PHP INFO:	7.4.20 | SAPI: apache2handler
SERVER:		Apache/2.4.48 (Win64) OpenSSL/1.1.1k PHP/7.4.20 
PHP TIME LIMIT: (0) no time limit imposed 
PHP MAX MEMORY: 4294967296 (512M default) 
MEMORY STACK: 6MB

********************************************************************************
DATABASE:
********************************************************************************
BUILD MODE:   MYSQLDUMP
MYSQLTIMEOUT: 5000
MYSQLDUMP:    Is Supported
SQL CREATED: 20220316_1adbe62302202c458520_20220317120300_database.sql
SQL FILE SIZE: 2.09MB (2195349)
SQL FILE TIME: 2022-03-17 12:03:23
SQL RUNTIME: 7.83 sec.

********************************************************************************
ARCHIVE (ZIP):
********************************************************************************
ARCHIVE DIR:  E:/itscompany/techwingsvn
ARCHIVE FILE: 20220316_1adbe62302202c458520_20220317120300_archive.zip
FILTERS: *ON*
DIRS:
	E:/itscompany/techwingsvn/techwings media
FILES:
	not set
EXTS:  not set
----------------------------------------
COMPRESSING
SIZE:	114.21MB
STATS:	Dirs 957 | Files 8,161
SQL ADDED: 20220316_1adbe62302202c458520_20220317120300_database.sql
ZipArchive Object
(
    [status] => 0
    [statusSys] => 0
    [numFiles] => 9118
    [filename] => E:\itscompany\techwingsvn\wp-content\backups-dup-lite\tmp\20220316_1adbe62302202c458520_20220317120300_archive.zip
    [comment] => 
)

FILE ADDED TO ZIP: 9117
COMPRESSION RESULT: '1'
COMPRESSED SIZE: 61.68MB
ARCHIVE RUNTIME: 71.47 sec.
MEMORY STACK: 8MB
building installer
add_extra_files1
add_extra_files2
add_extra_files3
add_extra_files4
Doing archive file check
add_extra_files5
add_extra_files6
add_extra_files8
Successfully opened zip E:/itscompany/techwingsvn/wp-content/backups-dup-lite/tmp/20220316_1adbe62302202c458520_20220317120300_archive.zip
Adding enhanced installer files to archive using ZipArchive
Installer files added to archive
Added to archive
After ziparchive close when adding installer

********************************************************************************
INTEGRITY CHECKS:
********************************************************************************
SQL FILE: 2.09MB
INSTALLER FILE: 64.58KB
ARCHIVE FILE: 62.73MB 
EXPECTED FILE/DIRECTORY COUNT: 9,118
ACTUAL FILE/DIRECTORY COUNT: 9,117
ARCHIVE CONSISTENCY TEST: Pass

********************************************************************************
RECORD ID:[2]
TOTAL PROCESS RUNTIME: 80.60 sec.
PEAK PHP MEMORY USED: 8MB
DONE PROCESSING => 20220316 17 March, 2022 12:04 pm

